<?xml version="1.0" encoding="UTF-8"?>
<testng-results ignored="0" total="1" passed="1" failed="0" skipped="0">
  <reporter-output>
  </reporter-output>
  <suite started-at="2023-02-26T17:01:16Z" name="Default suite" finished-at="2023-02-26T17:01:36Z" duration-ms="20474">
    <groups>
    </groups>
    <test started-at="2023-02-26T17:01:16Z" name="Default test" finished-at="2023-02-26T17:01:36Z" duration-ms="20474">
      <class name="com.invic.testcases.MaterialSubCategory">
        <test-method is-config="true" signature="main()[pri:0, instance:com.invic.testcases.MaterialSubCategory@3b6c624]" started-at="2023-02-26T17:01:07Z" name="main" finished-at="2023-02-26T17:01:16Z" duration-ms="8535" status="PASS">
          <reporter-output>
          </reporter-output>
        </test-method> <!-- main -->
        <test-method signature="subsearch()[pri:0, instance:com.invic.testcases.MaterialSubCategory@3b6c624]" started-at="2023-02-26T17:01:16Z" name="subsearch" finished-at="2023-02-26T17:01:36Z" duration-ms="20117" status="PASS">
          <reporter-output>
          </reporter-output>
        </test-method> <!-- subsearch -->
        <test-method is-config="true" signature="repoerFlush()[pri:0, instance:com.invic.testcases.MaterialSubCategory@3b6c624]" started-at="2023-02-26T17:01:36Z" name="repoerFlush" finished-at="2023-02-26T17:01:36Z" duration-ms="328" status="PASS">
          <reporter-output>
          </reporter-output>
        </test-method> <!-- repoerFlush -->
        <test-method is-config="true" signature="closeChrome()[pri:0, instance:com.invic.testcases.MaterialSubCategory@3b6c624]" started-at="2023-02-26T17:01:36Z" name="closeChrome" finished-at="2023-02-26T17:01:36Z" duration-ms="0" status="PASS">
          <reporter-output>
          </reporter-output>
        </test-method> <!-- closeChrome -->
      </class> <!-- com.invic.testcases.MaterialSubCategory -->
    </test> <!-- Default test -->
  </suite> <!-- Default suite -->
</testng-results>
